/home/robotics/Projects/workspaces/rs-cam-nodes/install/realsense/lib/python3.10/site-packages/realsense/intel_sub.py
/home/robotics/Projects/workspaces/rs-cam-nodes/install/realsense/lib/python3.10/site-packages/realsense/__init__.py
/home/robotics/Projects/workspaces/rs-cam-nodes/install/realsense/lib/python3.10/site-packages/realsense/pointcloud_visualizer_sub_node.py
/home/robotics/Projects/workspaces/rs-cam-nodes/install/realsense/lib/python3.10/site-packages/realsense/intel_pub2.py
/home/robotics/Projects/workspaces/rs-cam-nodes/install/realsense/lib/python3.10/site-packages/realsense/intel_pub.py
/home/robotics/Projects/workspaces/rs-cam-nodes/install/realsense/lib/python3.10/site-packages/realsense/intel_sub3.py
/home/robotics/Projects/workspaces/rs-cam-nodes/install/realsense/lib/python3.10/site-packages/realsense/intel_sub2.py
/home/robotics/Projects/workspaces/rs-cam-nodes/install/realsense/lib/python3.10/site-packages/realsense/__pycache__/intel_sub.cpython-310.pyc
/home/robotics/Projects/workspaces/rs-cam-nodes/install/realsense/lib/python3.10/site-packages/realsense/__pycache__/__init__.cpython-310.pyc
/home/robotics/Projects/workspaces/rs-cam-nodes/install/realsense/lib/python3.10/site-packages/realsense/__pycache__/pointcloud_visualizer_sub_node.cpython-310.pyc
/home/robotics/Projects/workspaces/rs-cam-nodes/install/realsense/lib/python3.10/site-packages/realsense/__pycache__/intel_pub2.cpython-310.pyc
/home/robotics/Projects/workspaces/rs-cam-nodes/install/realsense/lib/python3.10/site-packages/realsense/__pycache__/intel_pub.cpython-310.pyc
/home/robotics/Projects/workspaces/rs-cam-nodes/install/realsense/lib/python3.10/site-packages/realsense/__pycache__/intel_sub3.cpython-310.pyc
/home/robotics/Projects/workspaces/rs-cam-nodes/install/realsense/lib/python3.10/site-packages/realsense/__pycache__/intel_sub2.cpython-310.pyc
/home/robotics/Projects/workspaces/rs-cam-nodes/install/realsense/share/ament_index/resource_index/packages/realsense
/home/robotics/Projects/workspaces/rs-cam-nodes/install/realsense/share/realsense/package.xml
/home/robotics/Projects/workspaces/rs-cam-nodes/install/realsense/lib/python3.10/site-packages/realsense-0.0.0-py3.10.egg-info/top_level.txt
/home/robotics/Projects/workspaces/rs-cam-nodes/install/realsense/lib/python3.10/site-packages/realsense-0.0.0-py3.10.egg-info/zip-safe
/home/robotics/Projects/workspaces/rs-cam-nodes/install/realsense/lib/python3.10/site-packages/realsense-0.0.0-py3.10.egg-info/PKG-INFO
/home/robotics/Projects/workspaces/rs-cam-nodes/install/realsense/lib/python3.10/site-packages/realsense-0.0.0-py3.10.egg-info/SOURCES.txt
/home/robotics/Projects/workspaces/rs-cam-nodes/install/realsense/lib/python3.10/site-packages/realsense-0.0.0-py3.10.egg-info/requires.txt
/home/robotics/Projects/workspaces/rs-cam-nodes/install/realsense/lib/python3.10/site-packages/realsense-0.0.0-py3.10.egg-info/dependency_links.txt
/home/robotics/Projects/workspaces/rs-cam-nodes/install/realsense/lib/python3.10/site-packages/realsense-0.0.0-py3.10.egg-info/entry_points.txt
/home/robotics/Projects/workspaces/rs-cam-nodes/install/realsense/lib/realsense/intel_pub
/home/robotics/Projects/workspaces/rs-cam-nodes/install/realsense/lib/realsense/intel_pub2
/home/robotics/Projects/workspaces/rs-cam-nodes/install/realsense/lib/realsense/intel_sub
/home/robotics/Projects/workspaces/rs-cam-nodes/install/realsense/lib/realsense/intel_sub2
/home/robotics/Projects/workspaces/rs-cam-nodes/install/realsense/lib/realsense/intel_sub3
/home/robotics/Projects/workspaces/rs-cam-nodes/install/realsense/lib/realsense/pointcloud_visualizer_sub_node
