running develop
/usr/local/lib/python3.10/dist-packages/setuptools/command/develop.py:40: EasyInstallDeprecationWarning: easy_install command is deprecated.
!!

        ********************************************************************************
        Please avoid running ``setup.py`` and ``easy_install``.
        Instead, use pypa/build, pypa/installer or other
        standards-based tools.

        See https://github.com/pypa/setuptools/issues/917 for details.
        ********************************************************************************

!!
  easy_install.initialize_options(self)
/usr/local/lib/python3.10/dist-packages/setuptools/_distutils/cmd.py:66: SetuptoolsDeprecationWarning: setup.py install is deprecated.
!!

        ********************************************************************************
        Please avoid running ``setup.py`` directly.
        Instead, use pypa/build, pypa/installer or other
        standards-based tools.

        See https://blog.ganssle.io/articles/2021/10/setup-py-deprecated.html for details.
        ********************************************************************************

!!
  self.initialize_options()
running egg_info
writing youtube_tut.egg-info/PKG-INFO
writing dependency_links to youtube_tut.egg-info/dependency_links.txt
writing entry points to youtube_tut.egg-info/entry_points.txt
writing requirements to youtube_tut.egg-info/requires.txt
writing top-level names to youtube_tut.egg-info/top_level.txt
reading manifest file 'youtube_tut.egg-info/SOURCES.txt'
writing manifest file 'youtube_tut.egg-info/SOURCES.txt'
running build_ext
Creating /home/robotics/Projects/workspaces/ros2_ws/src/src/youtube_tut/install/youtube_tut/lib/python3.10/site-packages/youtube-tut.egg-link (link to .)
Installing intel_pub script to /home/robotics/Projects/workspaces/ros2_ws/src/src/youtube_tut/install/youtube_tut/lib/youtube_tut
Installing intel_sub script to /home/robotics/Projects/workspaces/ros2_ws/src/src/youtube_tut/install/youtube_tut/lib/youtube_tut

Installed /home/robotics/Projects/workspaces/ros2_ws/src/src/youtube_tut/build/youtube_tut
running install_data
