[0.821s] Invoking command in '/home/robotics/Projects/workspaces/ros2_ws/src/src/youtube_tut/build/youtube_tut': PYTHONPATH=/home/robotics/Projects/workspaces/ros2_ws/src/src/youtube_tut/build/youtube_tut/prefix_override:/home/robotics/Projects/workspaces/ros2_ws/src/src/youtube_tut/install/youtube_tut/lib/python3.10/site-packages:${PYTHONPATH} /usr/bin/python3 setup.py develop --editable --build-directory /home/robotics/Projects/workspaces/ros2_ws/src/src/youtube_tut/build/youtube_tut/build --no-deps install_data
[1.139s] running develop
[1.139s] /usr/local/lib/python3.10/dist-packages/setuptools/command/develop.py:40: EasyInstallDeprecationWarning: easy_install command is deprecated.
[1.139s] !!
[1.139s] 
[1.139s]         ********************************************************************************
[1.139s]         Please avoid running ``setup.py`` and ``easy_install``.
[1.139s]         Instead, use pypa/build, pypa/installer or other
[1.139s]         standards-based tools.
[1.139s] 
[1.139s]         See https://github.com/pypa/setuptools/issues/917 for details.
[1.139s]         ********************************************************************************
[1.139s] 
[1.139s] !!
[1.139s]   easy_install.initialize_options(self)
[1.174s] /usr/local/lib/python3.10/dist-packages/setuptools/_distutils/cmd.py:66: SetuptoolsDeprecationWarning: setup.py install is deprecated.
[1.174s] !!
[1.174s] 
[1.174s]         ********************************************************************************
[1.174s]         Please avoid running ``setup.py`` directly.
[1.174s]         Instead, use pypa/build, pypa/installer or other
[1.174s]         standards-based tools.
[1.175s] 
[1.175s]         See https://blog.ganssle.io/articles/2021/10/setup-py-deprecated.html for details.
[1.175s]         ********************************************************************************
[1.175s] 
[1.175s] !!
[1.175s]   self.initialize_options()
[1.382s] running egg_info
[1.405s] writing youtube_tut.egg-info/PKG-INFO
[1.405s] writing dependency_links to youtube_tut.egg-info/dependency_links.txt
[1.405s] writing entry points to youtube_tut.egg-info/entry_points.txt
[1.405s] writing requirements to youtube_tut.egg-info/requires.txt
[1.405s] writing top-level names to youtube_tut.egg-info/top_level.txt
[1.444s] reading manifest file 'youtube_tut.egg-info/SOURCES.txt'
[1.445s] writing manifest file 'youtube_tut.egg-info/SOURCES.txt'
[1.463s] running build_ext
[1.463s] Creating /home/robotics/Projects/workspaces/ros2_ws/src/src/youtube_tut/install/youtube_tut/lib/python3.10/site-packages/youtube-tut.egg-link (link to .)
[1.464s] Installing intel_pub script to /home/robotics/Projects/workspaces/ros2_ws/src/src/youtube_tut/install/youtube_tut/lib/youtube_tut
[1.464s] Installing intel_sub script to /home/robotics/Projects/workspaces/ros2_ws/src/src/youtube_tut/install/youtube_tut/lib/youtube_tut
[1.464s] 
[1.464s] Installed /home/robotics/Projects/workspaces/ros2_ws/src/src/youtube_tut/build/youtube_tut
[1.464s] running install_data
[1.488s] Invoked command in '/home/robotics/Projects/workspaces/ros2_ws/src/src/youtube_tut/build/youtube_tut' returned '0': PYTHONPATH=/home/robotics/Projects/workspaces/ros2_ws/src/src/youtube_tut/build/youtube_tut/prefix_override:/home/robotics/Projects/workspaces/ros2_ws/src/src/youtube_tut/install/youtube_tut/lib/python3.10/site-packages:${PYTHONPATH} /usr/bin/python3 setup.py develop --editable --build-directory /home/robotics/Projects/workspaces/ros2_ws/src/src/youtube_tut/build/youtube_tut/build --no-deps install_data
