[0.295s] DEBUG:colcon:Command line arguments: ['/usr/bin/colcon', 'build', '--packages-select', 'youtube_tut', '--symlink-install']
[0.295s] DEBUG:colcon:Parsed command line arguments: Namespace(log_base=None, log_level=None, verb_name='build', build_base='build', install_base='install', merge_install=False, symlink_install=True, test_result_base=None, continue_on_error=False, executor='parallel', parallel_workers=16, event_handlers=None, ignore_user_meta=False, metas=['./colcon.meta'], base_paths=['.'], packages_ignore=None, packages_ignore_regex=None, paths=None, packages_up_to=None, packages_up_to_regex=None, packages_above=None, packages_above_and_dependencies=None, packages_above_depth=None, packages_select_by_dep=None, packages_skip_by_dep=None, packages_skip_up_to=None, packages_select_build_failed=False, packages_skip_build_finished=False, packages_select_test_failures=False, packages_skip_test_passed=False, packages_select=['youtube_tut'], packages_skip=None, packages_select_regex=None, packages_skip_regex=None, packages_start=None, packages_end=None, allow_overriding=[], cmake_args=None, cmake_target=None, cmake_target_skip_unavailable=False, cmake_clean_cache=False, cmake_clean_first=False, cmake_force_configure=False, ament_cmake_args=None, catkin_cmake_args=None, catkin_skip_building_tests=False, mixin_files=None, mixin=None, verb_parser=<colcon_mixin.mixin.mixin_argument.MixinArgumentDecorator object at 0x7f87a7a17430>, verb_extension=<colcon_core.verb.build.BuildVerb object at 0x7f87a7b60b50>, main=<bound method BuildVerb.main of <colcon_core.verb.build.BuildVerb object at 0x7f87a7b60b50>>, mixin_verb=('build',))
[0.320s] Level 1:colcon.colcon_core.package_discovery:discover_packages(colcon_meta) check parameters
[0.320s] Level 1:colcon.colcon_core.package_discovery:discover_packages(recursive) check parameters
[0.320s] Level 1:colcon.colcon_core.package_discovery:discover_packages(ignore) check parameters
[0.320s] Level 1:colcon.colcon_core.package_discovery:discover_packages(path) check parameters
[0.320s] Level 1:colcon.colcon_core.package_discovery:discover_packages(colcon_meta) discover
[0.321s] Level 1:colcon.colcon_core.package_discovery:discover_packages(recursive) discover
[0.321s] INFO:colcon.colcon_core.package_discovery:Crawling recursively for packages in '/home/robotics/Projects/workspaces/ros2_ws/src/src/youtube_tut'
[0.321s] Level 1:colcon.colcon_core.package_identification:_identify(.) by extensions ['ignore', 'ignore_ament_install']
[0.321s] Level 1:colcon.colcon_core.package_identification:_identify(.) by extension 'ignore'
[0.321s] Level 1:colcon.colcon_core.package_identification:_identify(.) by extension 'ignore_ament_install'
[0.321s] Level 1:colcon.colcon_core.package_identification:_identify(.) by extensions ['colcon_pkg']
[0.321s] Level 1:colcon.colcon_core.package_identification:_identify(.) by extension 'colcon_pkg'
[0.321s] Level 1:colcon.colcon_core.package_identification:_identify(.) by extensions ['colcon_meta']
[0.321s] Level 1:colcon.colcon_core.package_identification:_identify(.) by extension 'colcon_meta'
[0.321s] Level 1:colcon.colcon_core.package_identification:_identify(.) by extensions ['ros']
[0.321s] Level 1:colcon.colcon_core.package_identification:_identify(.) by extension 'ros'
[0.333s] DEBUG:colcon.colcon_core.package_identification:Package '.' with type 'ros.ament_python' and name 'youtube_tut'
[0.333s] Level 1:colcon.colcon_core.package_discovery:discover_packages(recursive) using defaults
[0.333s] Level 1:colcon.colcon_core.package_discovery:discover_packages(ignore) discover
[0.333s] Level 1:colcon.colcon_core.package_discovery:discover_packages(ignore) using defaults
[0.333s] Level 1:colcon.colcon_core.package_discovery:discover_packages(path) discover
[0.333s] Level 1:colcon.colcon_core.package_discovery:discover_packages(path) using defaults
[0.355s] Level 1:colcon.colcon_core.package_discovery:discover_packages(prefix_path) check parameters
[0.355s] Level 1:colcon.colcon_core.package_discovery:discover_packages(prefix_path) discover
[0.358s] DEBUG:colcon.colcon_installed_package_information.package_discovery:Found 1 installed packages in /home/robotics/Projects/workspaces/ros2_ws/src/src/youtube_tut/install
[0.360s] DEBUG:colcon.colcon_installed_package_information.package_discovery:Found 25 installed packages in /home/robotics/Projects/workspaces/ros2_ws/install
[0.361s] DEBUG:colcon.colcon_installed_package_information.package_discovery:Found 317 installed packages in /opt/ros/humble
[0.370s] Level 1:colcon.colcon_core.package_discovery:discover_packages(prefix_path) using defaults
[0.406s] Level 5:colcon.colcon_core.verb:set package 'youtube_tut' build argument 'cmake_args' from command line to 'None'
[0.406s] Level 5:colcon.colcon_core.verb:set package 'youtube_tut' build argument 'cmake_target' from command line to 'None'
[0.406s] Level 5:colcon.colcon_core.verb:set package 'youtube_tut' build argument 'cmake_target_skip_unavailable' from command line to 'False'
[0.406s] Level 5:colcon.colcon_core.verb:set package 'youtube_tut' build argument 'cmake_clean_cache' from command line to 'False'
[0.406s] Level 5:colcon.colcon_core.verb:set package 'youtube_tut' build argument 'cmake_clean_first' from command line to 'False'
[0.406s] Level 5:colcon.colcon_core.verb:set package 'youtube_tut' build argument 'cmake_force_configure' from command line to 'False'
[0.406s] Level 5:colcon.colcon_core.verb:set package 'youtube_tut' build argument 'ament_cmake_args' from command line to 'None'
[0.406s] Level 5:colcon.colcon_core.verb:set package 'youtube_tut' build argument 'catkin_cmake_args' from command line to 'None'
[0.406s] Level 5:colcon.colcon_core.verb:set package 'youtube_tut' build argument 'catkin_skip_building_tests' from command line to 'False'
[0.406s] DEBUG:colcon.colcon_core.verb:Building package 'youtube_tut' with the following arguments: {'ament_cmake_args': None, 'build_base': '/home/robotics/Projects/workspaces/ros2_ws/src/src/youtube_tut/build/youtube_tut', 'catkin_cmake_args': None, 'catkin_skip_building_tests': False, 'cmake_args': None, 'cmake_clean_cache': False, 'cmake_clean_first': False, 'cmake_force_configure': False, 'cmake_target': None, 'cmake_target_skip_unavailable': False, 'install_base': '/home/robotics/Projects/workspaces/ros2_ws/src/src/youtube_tut/install/youtube_tut', 'merge_install': False, 'path': '/home/robotics/Projects/workspaces/ros2_ws/src/src/youtube_tut', 'symlink_install': True, 'test_result_base': None}
[0.407s] INFO:colcon.colcon_core.executor:Executing jobs using 'parallel' executor
[0.412s] DEBUG:colcon.colcon_parallel_executor.executor.parallel:run_until_complete
[0.412s] INFO:colcon.colcon_ros.task.ament_python.build:Building ROS package in '/home/robotics/Projects/workspaces/ros2_ws/src/src/youtube_tut' with build type 'ament_python'
[0.413s] Level 1:colcon.colcon_core.shell:create_environment_hook('youtube_tut', 'ament_prefix_path')
[0.417s] INFO:colcon.colcon_core.plugin_system:Skipping extension 'colcon_core.shell.bat': Not used on non-Windows systems
[0.417s] INFO:colcon.colcon_core.shell:Creating environment hook '/home/robotics/Projects/workspaces/ros2_ws/src/src/youtube_tut/install/youtube_tut/share/youtube_tut/hook/ament_prefix_path.ps1'
[0.417s] INFO:colcon.colcon_core.shell:Creating environment descriptor '/home/robotics/Projects/workspaces/ros2_ws/src/src/youtube_tut/install/youtube_tut/share/youtube_tut/hook/ament_prefix_path.dsv'
[0.417s] INFO:colcon.colcon_core.shell:Creating environment hook '/home/robotics/Projects/workspaces/ros2_ws/src/src/youtube_tut/install/youtube_tut/share/youtube_tut/hook/ament_prefix_path.sh'
[0.421s] INFO:colcon.colcon_core.shell:Skip shell extension 'powershell' for command environment: Not usable outside of PowerShell
[0.421s] DEBUG:colcon.colcon_core.shell:Skip shell extension 'dsv' for command environment
[0.606s] INFO:colcon.colcon_core.task.python.build:Building Python package in '/home/robotics/Projects/workspaces/ros2_ws/src/src/youtube_tut'
[0.608s] INFO:colcon.colcon_core.shell:Skip shell extension 'powershell' for command environment: Not usable outside of PowerShell
[0.608s] DEBUG:colcon.colcon_core.shell:Skip shell extension 'dsv' for command environment
[1.233s] DEBUG:colcon.colcon_core.event_handler.log_command:Invoking command in '/home/robotics/Projects/workspaces/ros2_ws/src/src/youtube_tut/build/youtube_tut': PYTHONPATH=/home/robotics/Projects/workspaces/ros2_ws/src/src/youtube_tut/build/youtube_tut/prefix_override:/home/robotics/Projects/workspaces/ros2_ws/src/src/youtube_tut/install/youtube_tut/lib/python3.10/site-packages:${PYTHONPATH} /usr/bin/python3 setup.py develop --editable --build-directory /home/robotics/Projects/workspaces/ros2_ws/src/src/youtube_tut/build/youtube_tut/build --no-deps install_data
[1.897s] Level 1:colcon.colcon_core.shell:create_environment_hook('youtube_tut', 'pythonpath_develop')
[1.900s] INFO:colcon.colcon_core.shell:Creating environment hook '/home/robotics/Projects/workspaces/ros2_ws/src/src/youtube_tut/build/youtube_tut/share/youtube_tut/hook/pythonpath_develop.ps1'
[1.900s] DEBUG:colcon.colcon_core.event_handler.log_command:Invoked command in '/home/robotics/Projects/workspaces/ros2_ws/src/src/youtube_tut/build/youtube_tut' returned '0': PYTHONPATH=/home/robotics/Projects/workspaces/ros2_ws/src/src/youtube_tut/build/youtube_tut/prefix_override:/home/robotics/Projects/workspaces/ros2_ws/src/src/youtube_tut/install/youtube_tut/lib/python3.10/site-packages:${PYTHONPATH} /usr/bin/python3 setup.py develop --editable --build-directory /home/robotics/Projects/workspaces/ros2_ws/src/src/youtube_tut/build/youtube_tut/build --no-deps install_data
[1.900s] INFO:colcon.colcon_core.shell:Creating environment descriptor '/home/robotics/Projects/workspaces/ros2_ws/src/src/youtube_tut/build/youtube_tut/share/youtube_tut/hook/pythonpath_develop.dsv'
[1.901s] INFO:colcon.colcon_core.shell:Creating environment hook '/home/robotics/Projects/workspaces/ros2_ws/src/src/youtube_tut/build/youtube_tut/share/youtube_tut/hook/pythonpath_develop.sh'
[1.906s] Level 1:colcon.colcon_core.environment:checking '/home/robotics/Projects/workspaces/ros2_ws/src/src/youtube_tut/install/youtube_tut' for CMake module files
[1.906s] Level 1:colcon.colcon_core.environment:checking '/home/robotics/Projects/workspaces/ros2_ws/src/src/youtube_tut/install/youtube_tut' for CMake config files
[1.907s] Level 1:colcon.colcon_core.environment:checking '/home/robotics/Projects/workspaces/ros2_ws/src/src/youtube_tut/install/youtube_tut/lib'
[1.907s] Level 1:colcon.colcon_core.environment:checking '/home/robotics/Projects/workspaces/ros2_ws/src/src/youtube_tut/install/youtube_tut/bin'
[1.907s] Level 1:colcon.colcon_core.environment:checking '/home/robotics/Projects/workspaces/ros2_ws/src/src/youtube_tut/install/youtube_tut/lib/pkgconfig/youtube_tut.pc'
[1.907s] Level 1:colcon.colcon_core.environment:checking '/home/robotics/Projects/workspaces/ros2_ws/src/src/youtube_tut/install/youtube_tut/lib/python3.10/site-packages'
[1.907s] Level 1:colcon.colcon_core.shell:create_environment_hook('youtube_tut', 'pythonpath')
[1.909s] INFO:colcon.colcon_core.shell:Creating environment hook '/home/robotics/Projects/workspaces/ros2_ws/src/src/youtube_tut/install/youtube_tut/share/youtube_tut/hook/pythonpath.ps1'
[1.909s] INFO:colcon.colcon_core.shell:Creating environment descriptor '/home/robotics/Projects/workspaces/ros2_ws/src/src/youtube_tut/install/youtube_tut/share/youtube_tut/hook/pythonpath.dsv'
[1.910s] INFO:colcon.colcon_core.shell:Creating environment hook '/home/robotics/Projects/workspaces/ros2_ws/src/src/youtube_tut/install/youtube_tut/share/youtube_tut/hook/pythonpath.sh'
[1.910s] Level 1:colcon.colcon_core.environment:checking '/home/robotics/Projects/workspaces/ros2_ws/src/src/youtube_tut/install/youtube_tut/bin'
[1.910s] Level 1:colcon.colcon_core.environment:create_environment_scripts_only(youtube_tut)
[1.912s] INFO:colcon.colcon_core.shell:Creating package script '/home/robotics/Projects/workspaces/ros2_ws/src/src/youtube_tut/install/youtube_tut/share/youtube_tut/package.ps1'
[1.913s] INFO:colcon.colcon_core.shell:Creating package descriptor '/home/robotics/Projects/workspaces/ros2_ws/src/src/youtube_tut/install/youtube_tut/share/youtube_tut/package.dsv'
[1.913s] INFO:colcon.colcon_core.shell:Creating package script '/home/robotics/Projects/workspaces/ros2_ws/src/src/youtube_tut/install/youtube_tut/share/youtube_tut/package.sh'
[1.914s] INFO:colcon.colcon_core.shell:Creating package script '/home/robotics/Projects/workspaces/ros2_ws/src/src/youtube_tut/install/youtube_tut/share/youtube_tut/package.bash'
[1.914s] INFO:colcon.colcon_core.shell:Creating package script '/home/robotics/Projects/workspaces/ros2_ws/src/src/youtube_tut/install/youtube_tut/share/youtube_tut/package.zsh'
[1.915s] Level 1:colcon.colcon_core.environment:create_file_with_runtime_dependencies(/home/robotics/Projects/workspaces/ros2_ws/src/src/youtube_tut/install/youtube_tut/share/colcon-core/packages/youtube_tut)
[1.915s] DEBUG:colcon.colcon_parallel_executor.executor.parallel:closing loop
[1.915s] DEBUG:colcon.colcon_parallel_executor.executor.parallel:loop closed
[1.915s] DEBUG:colcon.colcon_parallel_executor.executor.parallel:run_until_complete finished with '0'
[1.915s] DEBUG:colcon.colcon_core.event_reactor:joining thread
[1.919s] INFO:colcon.colcon_core.plugin_system:Skipping extension 'colcon_notification.desktop_notification.terminal_notifier': Not used on non-Darwin systems
[1.919s] INFO:colcon.colcon_core.plugin_system:Skipping extension 'colcon_notification.desktop_notification.win32': Not used on non-Windows systems
[1.919s] INFO:colcon.colcon_notification.desktop_notification:Sending desktop notification using 'notify2'
[1.931s] DEBUG:colcon.colcon_core.event_reactor:joined thread
[1.934s] INFO:colcon.colcon_core.shell:Creating prefix script '/home/robotics/Projects/workspaces/ros2_ws/src/src/youtube_tut/install/local_setup.ps1'
[1.934s] INFO:colcon.colcon_core.shell:Creating prefix util module '/home/robotics/Projects/workspaces/ros2_ws/src/src/youtube_tut/install/_local_setup_util_ps1.py'
[1.935s] INFO:colcon.colcon_core.shell:Creating prefix chain script '/home/robotics/Projects/workspaces/ros2_ws/src/src/youtube_tut/install/setup.ps1'
[1.937s] INFO:colcon.colcon_core.shell:Creating prefix script '/home/robotics/Projects/workspaces/ros2_ws/src/src/youtube_tut/install/local_setup.sh'
[1.937s] INFO:colcon.colcon_core.shell:Creating prefix util module '/home/robotics/Projects/workspaces/ros2_ws/src/src/youtube_tut/install/_local_setup_util_sh.py'
[1.938s] INFO:colcon.colcon_core.shell:Creating prefix chain script '/home/robotics/Projects/workspaces/ros2_ws/src/src/youtube_tut/install/setup.sh'
[1.940s] INFO:colcon.colcon_core.shell:Creating prefix script '/home/robotics/Projects/workspaces/ros2_ws/src/src/youtube_tut/install/local_setup.bash'
[1.940s] INFO:colcon.colcon_core.shell:Creating prefix chain script '/home/robotics/Projects/workspaces/ros2_ws/src/src/youtube_tut/install/setup.bash'
[1.942s] INFO:colcon.colcon_core.shell:Creating prefix script '/home/robotics/Projects/workspaces/ros2_ws/src/src/youtube_tut/install/local_setup.zsh'
[1.942s] INFO:colcon.colcon_core.shell:Creating prefix chain script '/home/robotics/Projects/workspaces/ros2_ws/src/src/youtube_tut/install/setup.zsh'
