running egg_info
writing ../../build/realsense/realsense.egg-info/PKG-INFO
writing dependency_links to ../../build/realsense/realsense.egg-info/dependency_links.txt
writing entry points to ../../build/realsense/realsense.egg-info/entry_points.txt
writing requirements to ../../build/realsense/realsense.egg-info/requires.txt
writing top-level names to ../../build/realsense/realsense.egg-info/top_level.txt
reading manifest file '../../build/realsense/realsense.egg-info/SOURCES.txt'
writing manifest file '../../build/realsense/realsense.egg-info/SOURCES.txt'
running build
running build_py
running install
/usr/local/lib/python3.10/dist-packages/setuptools/_distutils/cmd.py:66: SetuptoolsDeprecationWarning: setup.py install is deprecated.
!!

        ********************************************************************************
        Please avoid running ``setup.py`` directly.
        Instead, use pypa/build, pypa/installer or other
        standards-based tools.

        See https://blog.ganssle.io/articles/2021/10/setup-py-deprecated.html for details.
        ********************************************************************************

!!
  self.initialize_options()
running install_lib
running install_data
running install_egg_info
removing '/home/robotics/Projects/cleanversion/install/realsense/lib/python3.10/site-packages/realsense-0.0.0-py3.10.egg-info' (and everything under it)
Copying ../../build/realsense/realsense.egg-info to /home/robotics/Projects/cleanversion/install/realsense/lib/python3.10/site-packages/realsense-0.0.0-py3.10.egg-info
running install_scripts
Installing intel_pub script to /home/robotics/Projects/cleanversion/install/realsense/lib/realsense
Installing intel_sub script to /home/robotics/Projects/cleanversion/install/realsense/lib/realsense
writing list of installed files to '/home/robotics/Projects/cleanversion/build/realsense/install.log'
