running egg_info
creating ../../build/realsense/realsense.egg-info
writing ../../build/realsense/realsense.egg-info/PKG-INFO
writing dependency_links to ../../build/realsense/realsense.egg-info/dependency_links.txt
writing entry points to ../../build/realsense/realsense.egg-info/entry_points.txt
writing requirements to ../../build/realsense/realsense.egg-info/requires.txt
writing top-level names to ../../build/realsense/realsense.egg-info/top_level.txt
writing manifest file '../../build/realsense/realsense.egg-info/SOURCES.txt'
reading manifest file '../../build/realsense/realsense.egg-info/SOURCES.txt'
writing manifest file '../../build/realsense/realsense.egg-info/SOURCES.txt'
running build
running build_py
creating /home/robotics/Projects/cleanversion/build/realsense/build
creating /home/robotics/Projects/cleanversion/build/realsense/build/lib
creating /home/robotics/Projects/cleanversion/build/realsense/build/lib/realsense
copying realsense/my_node.py -> /home/robotics/Projects/cleanversion/build/realsense/build/lib/realsense
copying realsense/__init__.py -> /home/robotics/Projects/cleanversion/build/realsense/build/lib/realsense
running install
running install_lib
creating /home/robotics/Projects/cleanversion/install/realsense/lib/python3.10/site-packages/realsense
copying /home/robotics/Projects/cleanversion/build/realsense/build/lib/realsense/my_node.py -> /home/robotics/Projects/cleanversion/install/realsense/lib/python3.10/site-packages/realsense
copying /home/robotics/Projects/cleanversion/build/realsense/build/lib/realsense/__init__.py -> /home/robotics/Projects/cleanversion/install/realsense/lib/python3.10/site-packages/realsense
byte-compiling /home/robotics/Projects/cleanversion/install/realsense/lib/python3.10/site-packages/realsense/my_node.py to my_node.cpython-310.pyc
byte-compiling /home/robotics/Projects/cleanversion/install/realsense/lib/python3.10/site-packages/realsense/__init__.py to __init__.cpython-310.pyc
running install_data
creating /home/robotics/Projects/cleanversion/install/realsense/share/ament_index
creating /home/robotics/Projects/cleanversion/install/realsense/share/ament_index/resource_index
creating /home/robotics/Projects/cleanversion/install/realsense/share/ament_index/resource_index/packages
copying resource/realsense -> /home/robotics/Projects/cleanversion/install/realsense/share/ament_index/resource_index/packages
copying package.xml -> /home/robotics/Projects/cleanversion/install/realsense/share/realsense
running install_egg_info
Copying ../../build/realsense/realsense.egg-info to /home/robotics/Projects/cleanversion/install/realsense/lib/python3.10/site-packages/realsense-0.0.0-py3.10.egg-info
running install_scripts
Installing my_node script to /home/robotics/Projects/cleanversion/install/realsense/lib/realsense
writing list of installed files to '/home/robotics/Projects/cleanversion/build/realsense/install.log'
