[0.809s] Invoking command in '/home/robotics/Projects/cleanversion/src/realsense': PYTHONPATH=/home/robotics/Projects/cleanversion/build/realsense/prefix_override:/home/robotics/Projects/cleanversion/install/realsense/lib/python3.10/site-packages:${PYTHONPATH} /usr/bin/python3 setup.py egg_info --egg-base ../../build/realsense build --build-base /home/robotics/Projects/cleanversion/build/realsense/build install --record /home/robotics/Projects/cleanversion/build/realsense/install.log --single-version-externally-managed
[1.021s] running egg_info
[1.021s] creating ../../build/realsense/realsense.egg-info
[1.040s] writing ../../build/realsense/realsense.egg-info/PKG-INFO
[1.040s] writing dependency_links to ../../build/realsense/realsense.egg-info/dependency_links.txt
[1.040s] writing entry points to ../../build/realsense/realsense.egg-info/entry_points.txt
[1.040s] writing requirements to ../../build/realsense/realsense.egg-info/requires.txt
[1.040s] writing top-level names to ../../build/realsense/realsense.egg-info/top_level.txt
[1.040s] writing manifest file '../../build/realsense/realsense.egg-info/SOURCES.txt'
[1.076s] reading manifest file '../../build/realsense/realsense.egg-info/SOURCES.txt'
[1.077s] writing manifest file '../../build/realsense/realsense.egg-info/SOURCES.txt'
[1.077s] running build
[1.077s] running build_py
[1.077s] creating /home/robotics/Projects/cleanversion/build/realsense/build
[1.077s] creating /home/robotics/Projects/cleanversion/build/realsense/build/lib
[1.077s] creating /home/robotics/Projects/cleanversion/build/realsense/build/lib/realsense
[1.077s] copying realsense/my_node.py -> /home/robotics/Projects/cleanversion/build/realsense/build/lib/realsense
[1.077s] copying realsense/__init__.py -> /home/robotics/Projects/cleanversion/build/realsense/build/lib/realsense
[1.077s] running install
[1.078s] /usr/local/lib/python3.10/dist-packages/setuptools/_distutils/cmd.py:66: SetuptoolsDeprecationWarning: setup.py install is deprecated.
[1.078s] !!
[1.078s] 
[1.078s]         ********************************************************************************
[1.078s]         Please avoid running ``setup.py`` directly.
[1.078s]         Instead, use pypa/build, pypa/installer or other
[1.078s]         standards-based tools.
[1.078s] 
[1.078s]         See https://blog.ganssle.io/articles/2021/10/setup-py-deprecated.html for details.
[1.078s]         ********************************************************************************
[1.078s] 
[1.078s] !!
[1.078s]   self.initialize_options()
[1.082s] running install_lib
[1.101s] creating /home/robotics/Projects/cleanversion/install/realsense/lib/python3.10/site-packages/realsense
[1.101s] copying /home/robotics/Projects/cleanversion/build/realsense/build/lib/realsense/my_node.py -> /home/robotics/Projects/cleanversion/install/realsense/lib/python3.10/site-packages/realsense
[1.101s] copying /home/robotics/Projects/cleanversion/build/realsense/build/lib/realsense/__init__.py -> /home/robotics/Projects/cleanversion/install/realsense/lib/python3.10/site-packages/realsense
[1.101s] byte-compiling /home/robotics/Projects/cleanversion/install/realsense/lib/python3.10/site-packages/realsense/my_node.py to my_node.cpython-310.pyc
[1.101s] byte-compiling /home/robotics/Projects/cleanversion/install/realsense/lib/python3.10/site-packages/realsense/__init__.py to __init__.cpython-310.pyc
[1.101s] running install_data
[1.120s] creating /home/robotics/Projects/cleanversion/install/realsense/share/ament_index
[1.120s] creating /home/robotics/Projects/cleanversion/install/realsense/share/ament_index/resource_index
[1.120s] creating /home/robotics/Projects/cleanversion/install/realsense/share/ament_index/resource_index/packages
[1.120s] copying resource/realsense -> /home/robotics/Projects/cleanversion/install/realsense/share/ament_index/resource_index/packages
[1.120s] copying package.xml -> /home/robotics/Projects/cleanversion/install/realsense/share/realsense
[1.120s] running install_egg_info
[1.139s] Copying ../../build/realsense/realsense.egg-info to /home/robotics/Projects/cleanversion/install/realsense/lib/python3.10/site-packages/realsense-0.0.0-py3.10.egg-info
[1.140s] running install_scripts
[1.294s] Installing my_node script to /home/robotics/Projects/cleanversion/install/realsense/lib/realsense
[1.294s] writing list of installed files to '/home/robotics/Projects/cleanversion/build/realsense/install.log'
[1.313s] Invoked command in '/home/robotics/Projects/cleanversion/src/realsense' returned '0': PYTHONPATH=/home/robotics/Projects/cleanversion/build/realsense/prefix_override:/home/robotics/Projects/cleanversion/install/realsense/lib/python3.10/site-packages:${PYTHONPATH} /usr/bin/python3 setup.py egg_info --egg-base ../../build/realsense build --build-base /home/robotics/Projects/cleanversion/build/realsense/build install --record /home/robotics/Projects/cleanversion/build/realsense/install.log --single-version-externally-managed
