running egg_info
creating ../../build/realsense/realsense_rgb.egg-info
writing ../../build/realsense/realsense_rgb.egg-info/PKG-INFO
writing dependency_links to ../../build/realsense/realsense_rgb.egg-info/dependency_links.txt
writing entry points to ../../build/realsense/realsense_rgb.egg-info/entry_points.txt
writing requirements to ../../build/realsense/realsense_rgb.egg-info/requires.txt
writing top-level names to ../../build/realsense/realsense_rgb.egg-info/top_level.txt
writing manifest file '../../build/realsense/realsense_rgb.egg-info/SOURCES.txt'
reading manifest file '../../build/realsense/realsense_rgb.egg-info/SOURCES.txt'
writing manifest file '../../build/realsense/realsense_rgb.egg-info/SOURCES.txt'
running build
running build_py
copying realsense/intel_sub.py -> /home/robotics/Projects/cleanversion/build/realsense/build/lib/realsense
copying realsense/intel_pub.py -> /home/robotics/Projects/cleanversion/build/realsense/build/lib/realsense
running install
/usr/local/lib/python3.10/dist-packages/setuptools/_distutils/cmd.py:66: SetuptoolsDeprecationWarning: setup.py install is deprecated.
!!

        ********************************************************************************
        Please avoid running ``setup.py`` directly.
        Instead, use pypa/build, pypa/installer or other
        standards-based tools.

        See https://blog.ganssle.io/articles/2021/10/setup-py-deprecated.html for details.
        ********************************************************************************

!!
  self.initialize_options()
running install_lib
copying /home/robotics/Projects/cleanversion/build/realsense/build/lib/realsense/intel_sub.py -> /home/robotics/Projects/cleanversion/install/realsense/lib/python3.10/site-packages/realsense
copying /home/robotics/Projects/cleanversion/build/realsense/build/lib/realsense/intel_pub.py -> /home/robotics/Projects/cleanversion/install/realsense/lib/python3.10/site-packages/realsense
byte-compiling /home/robotics/Projects/cleanversion/install/realsense/lib/python3.10/site-packages/realsense/intel_sub.py to intel_sub.cpython-310.pyc
byte-compiling /home/robotics/Projects/cleanversion/install/realsense/lib/python3.10/site-packages/realsense/intel_pub.py to intel_pub.cpython-310.pyc
running install_data
error: can't copy 'resource/realsense_rgb': doesn't exist or not a regular file
