running egg_info
creating ../../build/realsense/realsense_rgb.egg-info
writing ../../build/realsense/realsense_rgb.egg-info/PKG-INFO
writing dependency_links to ../../build/realsense/realsense_rgb.egg-info/dependency_links.txt
writing entry points to ../../build/realsense/realsense_rgb.egg-info/entry_points.txt
writing requirements to ../../build/realsense/realsense_rgb.egg-info/requires.txt
writing top-level names to ../../build/realsense/realsense_rgb.egg-info/top_level.txt
writing manifest file '../../build/realsense/realsense_rgb.egg-info/SOURCES.txt'
reading manifest file '../../build/realsense/realsense_rgb.egg-info/SOURCES.txt'
writing manifest file '../../build/realsense/realsense_rgb.egg-info/SOURCES.txt'
running build
running build_py
copying realsense/intel_sub.py -> /home/robotics/Projects/cleanversion/build/realsense/build/lib/realsense
copying realsense/intel_pub.py -> /home/robotics/Projects/cleanversion/build/realsense/build/lib/realsense
running install
running install_lib
copying /home/robotics/Projects/cleanversion/build/realsense/build/lib/realsense/intel_sub.py -> /home/robotics/Projects/cleanversion/install/realsense/lib/python3.10/site-packages/realsense
copying /home/robotics/Projects/cleanversion/build/realsense/build/lib/realsense/intel_pub.py -> /home/robotics/Projects/cleanversion/install/realsense/lib/python3.10/site-packages/realsense
byte-compiling /home/robotics/Projects/cleanversion/install/realsense/lib/python3.10/site-packages/realsense/intel_sub.py to intel_sub.cpython-310.pyc
byte-compiling /home/robotics/Projects/cleanversion/install/realsense/lib/python3.10/site-packages/realsense/intel_pub.py to intel_pub.cpython-310.pyc
running install_data
