[0.775s] Invoking command in '/home/robotics/Projects/cleanversion/src/realsense': PYTHONPATH=/home/robotics/Projects/cleanversion/build/realsense/prefix_override:/home/robotics/Projects/cleanversion/install/realsense/lib/python3.10/site-packages:${PYTHONPATH} /usr/bin/python3 setup.py egg_info --egg-base ../../build/realsense build --build-base /home/robotics/Projects/cleanversion/build/realsense/build install --record /home/robotics/Projects/cleanversion/build/realsense/install.log --single-version-externally-managed
[0.979s] running egg_info
[0.979s] creating ../../build/realsense/realsense_rgb.egg-info
[0.996s] writing ../../build/realsense/realsense_rgb.egg-info/PKG-INFO
[0.996s] writing dependency_links to ../../build/realsense/realsense_rgb.egg-info/dependency_links.txt
[0.996s] writing entry points to ../../build/realsense/realsense_rgb.egg-info/entry_points.txt
[0.996s] writing requirements to ../../build/realsense/realsense_rgb.egg-info/requires.txt
[0.997s] writing top-level names to ../../build/realsense/realsense_rgb.egg-info/top_level.txt
[0.997s] writing manifest file '../../build/realsense/realsense_rgb.egg-info/SOURCES.txt'
[1.033s] reading manifest file '../../build/realsense/realsense_rgb.egg-info/SOURCES.txt'
[1.033s] writing manifest file '../../build/realsense/realsense_rgb.egg-info/SOURCES.txt'
[1.033s] running build
[1.033s] running build_py
[1.034s] copying realsense/intel_sub.py -> /home/robotics/Projects/cleanversion/build/realsense/build/lib/realsense
[1.034s] copying realsense/intel_pub.py -> /home/robotics/Projects/cleanversion/build/realsense/build/lib/realsense
[1.034s] running install
[1.034s] /usr/local/lib/python3.10/dist-packages/setuptools/_distutils/cmd.py:66: SetuptoolsDeprecationWarning: setup.py install is deprecated.
[1.034s] !!
[1.034s] 
[1.034s]         ********************************************************************************
[1.034s]         Please avoid running ``setup.py`` directly.
[1.034s]         Instead, use pypa/build, pypa/installer or other
[1.034s]         standards-based tools.
[1.034s] 
[1.034s]         See https://blog.ganssle.io/articles/2021/10/setup-py-deprecated.html for details.
[1.034s]         ********************************************************************************
[1.034s] 
[1.034s] !!
[1.034s]   self.initialize_options()
[1.038s] running install_lib
[1.055s] copying /home/robotics/Projects/cleanversion/build/realsense/build/lib/realsense/intel_sub.py -> /home/robotics/Projects/cleanversion/install/realsense/lib/python3.10/site-packages/realsense
[1.055s] copying /home/robotics/Projects/cleanversion/build/realsense/build/lib/realsense/intel_pub.py -> /home/robotics/Projects/cleanversion/install/realsense/lib/python3.10/site-packages/realsense
[1.056s] byte-compiling /home/robotics/Projects/cleanversion/install/realsense/lib/python3.10/site-packages/realsense/intel_sub.py to intel_sub.cpython-310.pyc
[1.056s] byte-compiling /home/robotics/Projects/cleanversion/install/realsense/lib/python3.10/site-packages/realsense/intel_pub.py to intel_pub.cpython-310.pyc
[1.056s] running install_data
[1.073s] error: can't copy 'resource/realsense_rgb': doesn't exist or not a regular file
[1.084s] Invoked command in '/home/robotics/Projects/cleanversion/src/realsense' returned '1': PYTHONPATH=/home/robotics/Projects/cleanversion/build/realsense/prefix_override:/home/robotics/Projects/cleanversion/install/realsense/lib/python3.10/site-packages:${PYTHONPATH} /usr/bin/python3 setup.py egg_info --egg-base ../../build/realsense build --build-base /home/robotics/Projects/cleanversion/build/realsense/build install --record /home/robotics/Projects/cleanversion/build/realsense/install.log --single-version-externally-managed
